<?xml version="1.0" encoding="UTF-8"?>
<!-- Generated by org.testng.reporters.JUnitReportReporter -->
<testsuite hostname="LAPTOP-RF7CNPCF" failures="0" tests="1" name="Direct_Test.NewTest" time="0.001" errors="0" timestamp="2022-06-04T18:21:20 IST" skipped="0">
  <testcase classname="Direct_Test.NewTest" name="suhas" time="0.001"/>
  <system-out/>
</testsuite> <!-- Direct_Test.NewTest -->
