<?xml version="1.0" encoding="UTF-8"?>
<!-- Generated by org.testng.reporters.JUnitReportReporter -->
<testsuite hostname="LAPTOP-RF7CNPCF" failures="0" tests="3" name="package_Xml.Demo2" time="0.006" errors="0" timestamp="2022-06-04T18:21:20 IST" skipped="0">
  <testcase classname="package_Xml.Demo2" name="method3" time="0.003"/>
  <system-out/>
  <testcase classname="package_Xml.Demo2" name="method5" time="0.002"/>
  <system-out/>
  <testcase classname="package_Xml.Demo2" name="method4" time="0.001"/>
  <system-out/>
</testsuite> <!-- package_Xml.Demo2 -->
